<?xml version="1.0" encoding="UTF-8"?>
<!-- Generated by org.testng.reporters.JUnitReportReporter -->
<testsuite hostname="TRIVEDISERVER2" name="cooperTestScenarios.CooperHACCPPageTestCasesClass" tests="47" failures="0" timestamp="9 Jan 2019 05:33:59 GMT" time="1783.166" errors="2">
  <testcase name="fnValHACCPMenusMenusActionsTblHdr" time="516.134" classname="cooperTestScenarios.CooperHACCPPageTestCasesClass">
    <error type="org.openqa.selenium.TimeoutException" message="Expected condition failed: waiting for element to be clickable: [[ChromeDriver: chrome on XP (7c970dd04a93f438f929fda5941dba0a)] -&gt; xpath: //div[contains(@class,&#039;col-md-12 col-lg-12 col-sm-12&#039;)]//app-datatable//div//div[contains(@class,&#039;visible&#039;)]//span[contains(@class,&#039;datatable-header-cell-label draggable&#039;)][contains(text(),&#039;Actions&#039;)]] (tried for 500 second(s) with 1500 milliseconds interval)
Build info: version: &#039;3.14.0&#039;, revision: &#039;aacccce0&#039;, time: &#039;2018-08-02T20:05:20.749Z&#039;
System info: host: &#039;TRIVEDISERVER2&#039;, ip: &#039;10.0.75.1&#039;, os.name: &#039;Windows 10&#039;, os.arch: &#039;amd64&#039;, os.version: &#039;10.0&#039;, java.version: &#039;1.8.0_171&#039;
Driver info: org.openqa.selenium.chrome.ChromeDriver
Capabilities {acceptInsecureCerts: false, acceptSslCerts: false, applicationCacheEnabled: false, browserConnectionEnabled: false, browserName: chrome, chrome: {chromedriverVersion: 2.39.562718 (9a2698cba08cf5..., userDataDir: C:\Users\trivedi2\AppData\L...}, cssSelectorsEnabled: true, databaseEnabled: false, handlesAlerts: true, hasTouchScreen: false, javascriptEnabled: true, locationContextEnabled: true, mobileEmulationEnabled: false, nativeEvents: true, networkConnectionEnabled: false, pageLoadStrategy: normal, platform: XP, platformName: XP, rotatable: false, setWindowRect: true, takesHeapSnapshot: true, takesScreenshot: true, unexpectedAlertBehaviour: , unhandledPromptBehavior: , version: 71.0.3578.98, webStorageEnabled: true}
Session ID: 7c970dd04a93f438f929fda5941dba0a">
      <![CDATA[org.openqa.selenium.TimeoutException: Expected condition failed: waiting for element to be clickable: [[ChromeDriver: chrome on XP (7c970dd04a93f438f929fda5941dba0a)] -> xpath: //div[contains(@class,'col-md-12 col-lg-12 col-sm-12')]//app-datatable//div//div[contains(@class,'visible')]//span[contains(@class,'datatable-header-cell-label draggable')][contains(text(),'Actions')]] (tried for 500 second(s) with 1500 milliseconds interval)
Build info: version: '3.14.0', revision: 'aacccce0', time: '2018-08-02T20:05:20.749Z'
System info: host: 'TRIVEDISERVER2', ip: '10.0.75.1', os.name: 'Windows 10', os.arch: 'amd64', os.version: '10.0', java.version: '1.8.0_171'
Driver info: org.openqa.selenium.chrome.ChromeDriver
Capabilities {acceptInsecureCerts: false, acceptSslCerts: false, applicationCacheEnabled: false, browserConnectionEnabled: false, browserName: chrome, chrome: {chromedriverVersion: 2.39.562718 (9a2698cba08cf5..., userDataDir: C:\Users\trivedi2\AppData\L...}, cssSelectorsEnabled: true, databaseEnabled: false, handlesAlerts: true, hasTouchScreen: false, javascriptEnabled: true, locationContextEnabled: true, mobileEmulationEnabled: false, nativeEvents: true, networkConnectionEnabled: false, pageLoadStrategy: normal, platform: XP, platformName: XP, rotatable: false, setWindowRect: true, takesHeapSnapshot: true, takesScreenshot: true, unexpectedAlertBehaviour: , unhandledPromptBehavior: , version: 71.0.3578.98, webStorageEnabled: true}
Session ID: 7c970dd04a93f438f929fda5941dba0a
	at org.openqa.selenium.support.ui.WebDriverWait.timeoutException(WebDriverWait.java:113)
	at org.openqa.selenium.support.ui.FluentWait.until(FluentWait.java:283)
	at cooperPageObjects.CooperHACCPPageObjectClass.isMenusMenusActionsTblHdrDisplayed(CooperHACCPPageObjectClass.java:2674)
	at cooperTestScenarios.CooperHACCPPageTestCasesClass.fnValHACCPMenusMenusActionsTblHdr(CooperHACCPPageTestCasesClass.java:2521)
	at sun.reflect.NativeMethodAccessorImpl.invoke0(Native Method)
	at sun.reflect.NativeMethodAccessorImpl.invoke(Unknown Source)
	at sun.reflect.DelegatingMethodAccessorImpl.invoke(Unknown Source)
	at java.lang.reflect.Method.invoke(Unknown Source)
	at org.testng.internal.MethodInvocationHelper.invokeMethod(MethodInvocationHelper.java:85)
	at org.testng.internal.Invoker.invokeMethod(Invoker.java:639)
	at org.testng.internal.Invoker.invokeTestMethod(Invoker.java:816)
	at org.testng.internal.Invoker.invokeTestMethods(Invoker.java:1124)
	at org.testng.internal.TestMethodWorker.invokeTestMethods(TestMethodWorker.java:125)
	at org.testng.internal.TestMethodWorker.run(TestMethodWorker.java:108)
	at org.testng.TestRunner.privateRun(TestRunner.java:774)
	at org.testng.TestRunner.run(TestRunner.java:624)
	at org.testng.SuiteRunner.runTest(SuiteRunner.java:359)
	at org.testng.SuiteRunner.runSequentially(SuiteRunner.java:354)
	at org.testng.SuiteRunner.privateRun(SuiteRunner.java:312)
	at org.testng.SuiteRunner.run(SuiteRunner.java:261)
	at org.testng.SuiteRunnerWorker.runSuite(SuiteRunnerWorker.java:52)
	at org.testng.SuiteRunnerWorker.run(SuiteRunnerWorker.java:86)
	at org.testng.TestNG.runSuitesSequentially(TestNG.java:1215)
	at org.testng.TestNG.runSuitesLocally(TestNG.java:1140)
	at org.testng.TestNG.run(TestNG.java:1048)
	at org.testng.TestNG.privateMain(TestNG.java:1355)
	at org.testng.TestNG.main(TestNG.java:1324)
]]>
    </error>
  </testcase> <!-- fnValHACCPMenusMenusActionsTblHdr -->
  <testcase name="fnValHACCPMenusCorrActionsTable" time="16.096" classname="cooperTestScenarios.CooperHACCPPageTestCasesClass"/>
  <testcase name="fnValidateHACCPReportsBtn" time="15.158" classname="cooperTestScenarios.CooperHACCPPageTestCasesClass"/>
  <testcase name="fnValidateHACCPChkListsPage" time="16.431" classname="cooperTestScenarios.CooperHACCPPageTestCasesClass"/>
  <testcase name="fnValidateHACCPUsersFilterUsersTxtBx" time="15.349" classname="cooperTestScenarios.CooperHACCPPageTestCasesClass"/>
  <testcase name="fnValHACCPMenusCorrActionsFilterTxtBx" time="16.485" classname="cooperTestScenarios.CooperHACCPPageTestCasesClass"/>
  <testcase name="fnValHACCPUsersTableUsernameTblHdr" time="20.860" classname="cooperTestScenarios.CooperHACCPPageTestCasesClass"/>
  <testcase name="fnValHACCPUsersTableActionsTblHdr" time="15.969" classname="cooperTestScenarios.CooperHACCPPageTestCasesClass"/>
  <testcase name="fnValHACCPMenusCorrActionsExportButton" time="15.959" classname="cooperTestScenarios.CooperHACCPPageTestCasesClass"/>
  <testcase name="fnValHACCPChkListsSiteNameTblHeader" time="16.746" classname="cooperTestScenarios.CooperHACCPPageTestCasesClass"/>
  <testcase name="fnValidateHACCPMenusRadioButton" time="16.491" classname="cooperTestScenarios.CooperHACCPPageTestCasesClass"/>
  <testcase name="fnValHACCPChkListsChkListNameTblHeader" time="18.470" classname="cooperTestScenarios.CooperHACCPPageTestCasesClass"/>
  <testcase name="fnValHACCPChkListsFilterChkListsTxtBx" time="16.004" classname="cooperTestScenarios.CooperHACCPPageTestCasesClass"/>
  <testcase name="fnValidateHACCPMenusPageTest" time="14.931" classname="cooperTestScenarios.CooperHACCPPageTestCasesClass"/>
  <testcase name="fnValHACCPChkListsAddChklistBtn" time="16.506" classname="cooperTestScenarios.CooperHACCPPageTestCasesClass"/>
  <testcase name="fnValidateHACCPhandheldradiobutton" time="14.793" classname="cooperTestScenarios.CooperHACCPPageTestCasesClass"/>
  <testcase name="fnValidateHACCPUsersPageTest" time="17.186" classname="cooperTestScenarios.CooperHACCPPageTestCasesClass"/>
  <testcase name="fnValidateHACCPCorpHeader" time="14.633" classname="cooperTestScenarios.CooperHACCPPageTestCasesClass"/>
  <testcase name="fnValidateHACCPSiteNameTableColumnName" time="16.720" classname="cooperTestScenarios.CooperHACCPPageTestCasesClass"/>
  <testcase name="fnValidateHACCPMenuNameTableColumn" time="15.365" classname="cooperTestScenarios.CooperHACCPPageTestCasesClass"/>
  <testcase name="fnValidateHACCPMoveHandheldDeviceButton" time="16.060" classname="cooperTestScenarios.CooperHACCPPageTestCasesClass"/>
  <testcase name="fnValidateHACCPCorporateBtn" time="15.493" classname="cooperTestScenarios.CooperHACCPPageTestCasesClass"/>
  <testcase name="fnValidateHACCPMenusBtn" time="15.444" classname="cooperTestScenarios.CooperHACCPPageTestCasesClass"/>
  <testcase name="fnValHACCPUsersTableSitenameTblHdr" time="516.844" classname="cooperTestScenarios.CooperHACCPPageTestCasesClass">
    <error type="org.openqa.selenium.TimeoutException" message="Expected condition failed: waiting for element to be clickable: [[ChromeDriver: chrome on XP (72785035d73844a12d034cf8e30c93a6)] -&gt; xpath: //datatable-header-cell[@title=&#039;Site&#039;]//span[@class=&#039;datatable-header-cell-label draggable&#039;][contains(text(),&#039;Site&#039;)]] (tried for 500 second(s) with 1500 milliseconds interval)
Build info: version: &#039;3.14.0&#039;, revision: &#039;aacccce0&#039;, time: &#039;2018-08-02T20:05:20.749Z&#039;
System info: host: &#039;TRIVEDISERVER2&#039;, ip: &#039;10.0.75.1&#039;, os.name: &#039;Windows 10&#039;, os.arch: &#039;amd64&#039;, os.version: &#039;10.0&#039;, java.version: &#039;1.8.0_171&#039;
Driver info: org.openqa.selenium.chrome.ChromeDriver
Capabilities {acceptInsecureCerts: false, acceptSslCerts: false, applicationCacheEnabled: false, browserConnectionEnabled: false, browserName: chrome, chrome: {chromedriverVersion: 2.39.562718 (9a2698cba08cf5..., userDataDir: C:\Users\trivedi2\AppData\L...}, cssSelectorsEnabled: true, databaseEnabled: false, handlesAlerts: true, hasTouchScreen: false, javascriptEnabled: true, locationContextEnabled: true, mobileEmulationEnabled: false, nativeEvents: true, networkConnectionEnabled: false, pageLoadStrategy: normal, platform: XP, platformName: XP, rotatable: false, setWindowRect: true, takesHeapSnapshot: true, takesScreenshot: true, unexpectedAlertBehaviour: , unhandledPromptBehavior: , version: 71.0.3578.98, webStorageEnabled: true}
Session ID: 72785035d73844a12d034cf8e30c93a6">
      <![CDATA[org.openqa.selenium.TimeoutException: Expected condition failed: waiting for element to be clickable: [[ChromeDriver: chrome on XP (72785035d73844a12d034cf8e30c93a6)] -> xpath: //datatable-header-cell[@title='Site']//span[@class='datatable-header-cell-label draggable'][contains(text(),'Site')]] (tried for 500 second(s) with 1500 milliseconds interval)
Build info: version: '3.14.0', revision: 'aacccce0', time: '2018-08-02T20:05:20.749Z'
System info: host: 'TRIVEDISERVER2', ip: '10.0.75.1', os.name: 'Windows 10', os.arch: 'amd64', os.version: '10.0', java.version: '1.8.0_171'
Driver info: org.openqa.selenium.chrome.ChromeDriver
Capabilities {acceptInsecureCerts: false, acceptSslCerts: false, applicationCacheEnabled: false, browserConnectionEnabled: false, browserName: chrome, chrome: {chromedriverVersion: 2.39.562718 (9a2698cba08cf5..., userDataDir: C:\Users\trivedi2\AppData\L...}, cssSelectorsEnabled: true, databaseEnabled: false, handlesAlerts: true, hasTouchScreen: false, javascriptEnabled: true, locationContextEnabled: true, mobileEmulationEnabled: false, nativeEvents: true, networkConnectionEnabled: false, pageLoadStrategy: normal, platform: XP, platformName: XP, rotatable: false, setWindowRect: true, takesHeapSnapshot: true, takesScreenshot: true, unexpectedAlertBehaviour: , unhandledPromptBehavior: , version: 71.0.3578.98, webStorageEnabled: true}
Session ID: 72785035d73844a12d034cf8e30c93a6
	at org.openqa.selenium.support.ui.WebDriverWait.timeoutException(WebDriverWait.java:113)
	at org.openqa.selenium.support.ui.FluentWait.until(FluentWait.java:283)
	at cooperPageObjects.CooperHACCPPageObjectClass.isSiteNameTblHdrDisplayed(CooperHACCPPageObjectClass.java:2602)
	at cooperTestScenarios.CooperHACCPPageTestCasesClass.fnValHACCPUsersTableSitenameTblHdr(CooperHACCPPageTestCasesClass.java:2121)
	at sun.reflect.NativeMethodAccessorImpl.invoke0(Native Method)
	at sun.reflect.NativeMethodAccessorImpl.invoke(Unknown Source)
	at sun.reflect.DelegatingMethodAccessorImpl.invoke(Unknown Source)
	at java.lang.reflect.Method.invoke(Unknown Source)
	at org.testng.internal.MethodInvocationHelper.invokeMethod(MethodInvocationHelper.java:85)
	at org.testng.internal.Invoker.invokeMethod(Invoker.java:639)
	at org.testng.internal.Invoker.invokeTestMethod(Invoker.java:816)
	at org.testng.internal.Invoker.invokeTestMethods(Invoker.java:1124)
	at org.testng.internal.TestMethodWorker.invokeTestMethods(TestMethodWorker.java:125)
	at org.testng.internal.TestMethodWorker.run(TestMethodWorker.java:108)
	at org.testng.TestRunner.privateRun(TestRunner.java:774)
	at org.testng.TestRunner.run(TestRunner.java:624)
	at org.testng.SuiteRunner.runTest(SuiteRunner.java:359)
	at org.testng.SuiteRunner.runSequentially(SuiteRunner.java:354)
	at org.testng.SuiteRunner.privateRun(SuiteRunner.java:312)
	at org.testng.SuiteRunner.run(SuiteRunner.java:261)
	at org.testng.SuiteRunnerWorker.runSuite(SuiteRunnerWorker.java:52)
	at org.testng.SuiteRunnerWorker.run(SuiteRunnerWorker.java:86)
	at org.testng.TestNG.runSuitesSequentially(TestNG.java:1215)
	at org.testng.TestNG.runSuitesLocally(TestNG.java:1140)
	at org.testng.TestNG.run(TestNG.java:1048)
	at org.testng.TestNG.privateMain(TestNG.java:1355)
	at org.testng.TestNG.main(TestNG.java:1324)
]]>
    </error>
  </testcase> <!-- fnValHACCPUsersTableSitenameTblHdr -->
  <testcase name="fnValidateHACCPDisabledEnabledTblColName" time="16.850" classname="cooperTestScenarios.CooperHACCPPageTestCasesClass"/>
  <testcase name="fnValidateHACCPUsersExportUsersBtn" time="17.185" classname="cooperTestScenarios.CooperHACCPPageTestCasesClass"/>
  <testcase name="fnValHACCPMenusCorrActionsAddButton" time="16.084" classname="cooperTestScenarios.CooperHACCPPageTestCasesClass"/>
  <testcase name="fnValidateHACCPCorrectiveActionsRadioButton" time="15.489" classname="cooperTestScenarios.CooperHACCPPageTestCasesClass"/>
  <testcase name="fnValHACCPMenusCorrectiveActionsPageTest" time="17.102" classname="cooperTestScenarios.CooperHACCPPageTestCasesClass"/>
  <testcase name="fnValidateHACCPAddMenuButton" time="18.149" classname="cooperTestScenarios.CooperHACCPPageTestCasesClass"/>
  <testcase name="fnValidateHACCPTypeFilterDevicesInput" time="39.051" classname="cooperTestScenarios.CooperHACCPPageTestCasesClass"/>
  <testcase name="fnValidateHACCPActionsTblHeader" time="15.775" classname="cooperTestScenarios.CooperHACCPPageTestCasesClass"/>
  <testcase name="fnValidateHACCPMenuFilterTypeInputBox" time="16.448" classname="cooperTestScenarios.CooperHACCPPageTestCasesClass"/>
  <testcase name="fnValidateHACCPHandheldsPageTest" time="15.862" classname="cooperTestScenarios.CooperHACCPPageTestCasesClass"/>
  <testcase name="fnValidateHACCPCheckListsBtn" time="14.954" classname="cooperTestScenarios.CooperHACCPPageTestCasesClass"/>
  <testcase name="fnValidateHACCPUserradiobutton" time="15.760" classname="cooperTestScenarios.CooperHACCPPageTestCasesClass"/>
  <testcase name="fnValidateHACCPHandheldsBtn" time="15.132" classname="cooperTestScenarios.CooperHACCPPageTestCasesClass"/>
  <testcase name="fnValidateHACCPPageCorporateBtn" time="15.098" classname="cooperTestScenarios.CooperHACCPPageTestCasesClass"/>
  <testcase name="fnValHACCPUsersTablePermissionLevelTblHdr" time="15.973" classname="cooperTestScenarios.CooperHACCPPageTestCasesClass"/>
  <testcase name="fnValidateHACCPUsersTable" time="15.721" classname="cooperTestScenarios.CooperHACCPPageTestCasesClass"/>
  <testcase name="fnValidateHACCPPageTest" time="15.690" classname="cooperTestScenarios.CooperHACCPPageTestCasesClass"/>
  <testcase name="fnValidateHACCPAddHandheldsbutton" time="17.359" classname="cooperTestScenarios.CooperHACCPPageTestCasesClass"/>
  <testcase name="fnValidateHACCPDeviceIDTableColumnName" time="16.729" classname="cooperTestScenarios.CooperHACCPPageTestCasesClass"/>
  <testcase name="fnValHACCPMenusMenusMenuNameTblHdr" time="14.814" classname="cooperTestScenarios.CooperHACCPPageTestCasesClass"/>
  <testcase name="fnValidateHACCPActionsTblColName" time="15.650" classname="cooperTestScenarios.CooperHACCPPageTestCasesClass"/>
  <testcase name="fnValidateHACCPGlobalSettingsButton" time="16.375" classname="cooperTestScenarios.CooperHACCPPageTestCasesClass"/>
  <testcase name="fnValidateHACCPUsersAddUsersBtn" time="15.789" classname="cooperTestScenarios.CooperHACCPPageTestCasesClass"/>
</testsuite> <!-- cooperTestScenarios.CooperHACCPPageTestCasesClass -->
